2025-05-22 22:17:46,450 - INFO - 已从配置文件加载Cookie
2025-05-22 22:18:28,125 - INFO - 筛选逻辑: 只保留点赞数 >= 500 的微博，并对这些微博进行综合评分和排序
2025-05-22 22:18:28,126 - INFO - 正在初始化机器学习分析器...
2025-05-22 22:18:28,170 - DEBUG - Building prefix dict from the default dictionary ...
2025-05-22 22:18:29,551 - DEBUG - Dumping model to file cache C:\Users\88451\AppData\Local\Temp\jieba.cache
2025-05-22 22:18:29,678 - DEBUG - Loading model cost 1.506 seconds.
2025-05-22 22:18:29,681 - DEBUG - Prefix dict has been built successfully.
2025-05-22 22:18:29,702 - INFO - 机器学习分析器初始化完成
2025-05-22 22:18:29,705 - INFO - 开始搜索关键词: 肖战
2025-05-22 22:18:29,707 - INFO - 开始搜索关键词: 朱一龙
2025-05-22 22:18:29,708 - INFO - 开始搜索关键词: 古装
2025-05-22 22:18:29,714 - INFO - 开始搜索关键词: 虞书欣
2025-05-22 22:19:06,738 - WARNING - 未找到关键词 '虞书欣' 的相关微博
2025-05-22 22:19:06,738 - INFO - 开始搜索关键词: 刘亦菲
2025-05-22 22:19:11,505 - WARNING - 未找到关键词 '古装' 的相关微博
2025-05-22 22:19:16,903 - WARNING - 未找到关键词 '肖战' 的相关微博
2025-05-22 22:19:17,502 - WARNING - 未找到关键词 '朱一龙' 的相关微博
2025-05-22 22:19:45,833 - WARNING - 未找到关键词 '刘亦菲' 的相关微博
2025-05-23 02:45:39,251 - INFO - 已从配置文件加载Cookie
2025-05-23 02:45:42,992 - INFO - 筛选逻辑: 只保留点赞数 >= 500 的微博，并对这些微博进行综合评分和排序
2025-05-23 02:45:42,994 - INFO - 正在初始化机器学习分析器...
2025-05-23 02:45:43,009 - DEBUG - Building prefix dict from the default dictionary ...
2025-05-23 02:45:43,013 - DEBUG - Loading model from cache C:\Users\88451\AppData\Local\Temp\jieba.cache
2025-05-23 02:45:44,103 - DEBUG - Loading model cost 1.092 seconds.
2025-05-23 02:45:44,104 - DEBUG - Prefix dict has been built successfully.
2025-05-23 02:45:44,121 - INFO - 机器学习分析器初始化完成
2025-05-23 02:45:44,123 - INFO - 开始搜索关键词: 肖战
2025-05-23 02:45:44,126 - INFO - 开始搜索关键词: 朱一龙
2025-05-23 02:45:44,128 - INFO - 开始搜索关键词: 古装
2025-05-23 02:45:44,129 - INFO - 开始搜索关键词: 虞书欣
2025-05-23 02:46:18,713 - INFO - 获取到 24 条微博
2025-05-23 02:46:18,714 - INFO - 正在进行机器学习分析...
2025-05-23 02:46:18,719 - INFO - 机器学习分析后保留 0 条高质量微博
2025-05-23 02:46:18,746 - INFO - 已保存过滤后的结果到 results/古装_20250523_024539.csv
2025-05-23 02:46:18,749 - INFO - 已保存分析结果到 results/古装_analysis_20250523_024539.json
2025-05-23 02:46:18,749 - INFO - 
热门话题:
2025-05-23 02:46:18,752 - INFO - 开始搜索关键词: 刘亦菲
2025-05-23 02:46:25,392 - INFO - 获取到 20 条微博
2025-05-23 02:46:25,393 - INFO - 正在进行机器学习分析...
2025-05-23 02:46:25,403 - INFO - 机器学习分析后保留 0 条高质量微博
2025-05-23 02:46:25,411 - INFO - 已保存过滤后的结果到 results/肖战_20250523_024539.csv
2025-05-23 02:46:25,415 - INFO - 已保存分析结果到 results/肖战_analysis_20250523_024539.json
2025-05-23 02:46:25,416 - INFO - 
热门话题:
2025-05-23 02:46:27,638 - INFO - 获取到 1 条微博
2025-05-23 02:46:27,640 - INFO - 正在进行机器学习分析...
2025-05-23 02:46:27,644 - INFO - 机器学习分析后保留 0 条高质量微博
2025-05-23 02:46:27,650 - INFO - 已保存过滤后的结果到 results/虞书欣_20250523_024539.csv
2025-05-23 02:46:27,666 - INFO - 已保存分析结果到 results/虞书欣_analysis_20250523_024539.json
2025-05-23 02:46:27,670 - INFO - 
热门话题:
2025-05-23 02:46:31,769 - WARNING - 未找到关键词 '朱一龙' 的相关微博
2025-05-23 02:47:00,050 - INFO - 获取到 14 条微博
2025-05-23 02:47:00,051 - INFO - 正在进行机器学习分析...
2025-05-23 02:47:00,053 - INFO - 机器学习分析后保留 0 条高质量微博
2025-05-23 02:47:00,058 - INFO - 已保存过滤后的结果到 results/刘亦菲_20250523_024539.csv
2025-05-23 02:47:00,065 - INFO - 已保存分析结果到 results/刘亦菲_analysis_20250523_024539.json
2025-05-23 02:47:00,067 - INFO - 
热门话题:
2025-05-23 02:50:00,256 - INFO - 已从配置文件加载Cookie
2025-05-23 02:50:00,260 - INFO - 筛选逻辑: 只保留点赞数 >= 500 的微博，并对这些微博进行综合评分和排序
2025-05-23 02:50:00,261 - INFO - 正在初始化机器学习分析器...
2025-05-23 02:50:00,267 - DEBUG - Building prefix dict from the default dictionary ...
2025-05-23 02:50:00,270 - DEBUG - Loading model from cache C:\Users\88451\AppData\Local\Temp\jieba.cache
2025-05-23 02:50:00,997 - DEBUG - Loading model cost 0.730 seconds.
2025-05-23 02:50:00,998 - DEBUG - Prefix dict has been built successfully.
2025-05-23 02:50:01,000 - INFO - 机器学习分析器初始化完成
2025-05-23 02:50:01,001 - INFO - 开始搜索关键词: 肖战
2025-05-23 02:50:01,003 - INFO - 开始搜索关键词: 朱一龙
2025-05-23 02:50:39,326 - INFO - 获取到 12 条微博
2025-05-23 02:50:39,327 - INFO - 正在进行机器学习分析...
2025-05-23 02:50:39,329 - INFO - 机器学习分析后保留 0 条高质量微博
2025-05-23 02:50:39,339 - INFO - 已保存过滤后的结果到 results/朱一龙_20250523_025000.csv
2025-05-23 02:50:39,347 - INFO - 已保存分析结果到 results/朱一龙_analysis_20250523_025000.json
2025-05-23 02:50:39,355 - INFO - 
热门话题:
2025-05-23 02:50:49,368 - WARNING - 未找到关键词 '肖战' 的相关微博
2025-05-23 02:54:44,552 - INFO - 已从配置文件加载Cookie
2025-05-23 02:54:44,554 - INFO - 筛选逻辑: 只保留点赞数 >= 100 的微博，并对这些微博进行综合评分和排序
2025-05-23 02:54:44,555 - INFO - 正在初始化机器学习分析器...
2025-05-23 02:54:44,564 - DEBUG - Building prefix dict from the default dictionary ...
2025-05-23 02:54:44,570 - DEBUG - Loading model from cache C:\Users\88451\AppData\Local\Temp\jieba.cache
2025-05-23 02:54:46,033 - DEBUG - Loading model cost 1.468 seconds.
2025-05-23 02:54:46,036 - DEBUG - Prefix dict has been built successfully.
2025-05-23 02:54:46,041 - INFO - 机器学习分析器初始化完成
2025-05-23 02:54:46,046 - INFO - 开始搜索关键词: 肖战
2025-05-23 02:54:46,050 - INFO - 开始搜索关键词: 朱一龙
2025-05-23 02:55:30,687 - INFO - 获取到 1 条微博
2025-05-23 02:55:30,687 - INFO - 正在进行机器学习分析...
2025-05-23 02:55:30,689 - INFO - 机器学习分析后保留 0 条高质量微博
2025-05-23 02:55:30,722 - INFO - 已保存过滤后的结果到 results/朱一龙_20250523_025444.csv
2025-05-23 02:55:30,727 - INFO - 已保存分析结果到 results/朱一龙_analysis_20250523_025444.json
2025-05-23 02:55:30,729 - INFO - 
热门话题:
2025-05-23 02:55:40,334 - WARNING - 未找到关键词 '肖战' 的相关微博
2025-05-23 02:56:45,644 - INFO - 已从配置文件加载Cookie
2025-05-23 02:57:15,557 - INFO - 筛选逻辑: 只保留点赞数 >= 1 的微博，并对这些微博进行综合评分和排序
2025-05-23 02:57:15,558 - INFO - 正在初始化机器学习分析器...
2025-05-23 02:57:15,567 - DEBUG - Building prefix dict from the default dictionary ...
2025-05-23 02:57:15,573 - DEBUG - Loading model from cache C:\Users\88451\AppData\Local\Temp\jieba.cache
2025-05-23 02:57:16,945 - DEBUG - Loading model cost 1.377 seconds.
2025-05-23 02:57:16,946 - DEBUG - Prefix dict has been built successfully.
2025-05-23 02:57:16,952 - INFO - 机器学习分析器初始化完成
2025-05-23 02:57:16,954 - INFO - 开始搜索关键词: 肖战
2025-05-23 02:57:16,962 - INFO - 开始搜索关键词: 朱一龙
2025-05-23 02:57:57,874 - INFO - 获取到 20 条微博
2025-05-23 02:57:57,874 - INFO - 正在进行机器学习分析...
2025-05-23 02:57:57,878 - INFO - 机器学习分析后保留 0 条高质量微博
2025-05-23 02:57:57,904 - INFO - 已保存过滤后的结果到 results/肖战_20250523_025645.csv
2025-05-23 02:57:57,909 - INFO - 已保存分析结果到 results/肖战_analysis_20250523_025645.json
2025-05-23 02:57:57,911 - INFO - 
热门话题:
2025-05-23 02:58:07,397 - WARNING - 未找到关键词 '朱一龙' 的相关微博
